<?xml version="1.0" encoding="UTF-8"?>
<testng-results ignored="0" total="1" passed="1" failed="0" skipped="0">
  <reporter-output>
  </reporter-output>
  <suite started-at="2022-03-27T10:59:12 IST" name="Default suite" finished-at="2022-03-27T10:59:26 IST" duration-ms="14310">
    <groups>
    </groups>
    <test started-at="2022-03-27T10:59:12 IST" name="Default test" finished-at="2022-03-27T10:59:26 IST" duration-ms="14310">
      <class name="com.DoOrDie.test.Practice">
        <test-method signature="prac()[pri:0, instance:com.DoOrDie.test.Practice@6cd28fa7]" started-at="2022-03-27T10:59:12 IST" name="prac" finished-at="2022-03-27T10:59:26 IST" duration-ms="14220" status="PASS">
          <reporter-output>
          </reporter-output>
        </test-method> <!-- prac -->
      </class> <!-- com.DoOrDie.test.Practice -->
    </test> <!-- Default test -->
  </suite> <!-- Default suite -->
</testng-results>
